<testsuites id="" name="" tests="11" failures="1" skipped="0" errors="0" time="1.694332">
<testsuite name="API/ performance.test.spec.ts" timestamp="2025-04-20T20:56:26.026Z" hostname="API" tests="1" failures="1" skipped="0" time="0.584" errors="0">
<testcase name="should complete 10 parallel requests under 500ms benchmark,@smoke@regression@e2e" classname="API/ performance.test.spec.ts" time="0.584">
<failure message=" performance.test.spec.ts:3:5 should complete 10 parallel requests under 500ms benchmark,@smoke@regression@e2e" type="FAILURE">
<![CDATA[  [API] › API/ performance.test.spec.ts:3:5 › should complete 10 parallel requests under 500ms benchmark,@smoke@regression@e2e 

    Error: expect(received).toBeLessThanOrEqual(expected)

    Expected: <= 500
    Received:    536

      13 |   console.log(`Total time for ${timesToRun} requests: ${totalTime}ms`);
      14 |
    > 15 |   expect(totalTime).toBeLessThanOrEqual(benchmarkLimit);
         |                     ^
      16 | });
        at /Users/mustafatekin/Documents/Automation Projects/api-test-reqres/tests/API/ performance.test.spec.ts:15:21
]]>
</failure>
<system-out>
<![CDATA[Total time for 10 requests: 536ms
]]>
</system-out>
</testcase>
</testsuite>
<testsuite name="API/auth.test.spec.ts" timestamp="2025-04-20T20:56:26.026Z" hostname="API" tests="4" failures="0" skipped="0" time="1.996" errors="0">
<testcase name="Auth API › should register user with valid credentials @smoke @regression @e2e" classname="API/auth.test.spec.ts" time="0.609">
</testcase>
<testcase name="Auth API › should fail to register user with missing password @regression @e2e" classname="API/auth.test.spec.ts" time="0.57">
</testcase>
<testcase name="Auth API › should login user with correct credentials @smoke @regression @e2e" classname="API/auth.test.spec.ts" time="0.588">
</testcase>
<testcase name="Auth API › should fail to login with missing password @smoke @regression @e2e" classname="API/auth.test.spec.ts" time="0.229">
</testcase>
</testsuite>
<testsuite name="API/users.test.spec.ts" timestamp="2025-04-20T20:56:26.026Z" hostname="API" tests="6" failures="0" skipped="0" time="1.144" errors="0">
<testcase name="User API › should create a user with valid data @smoke @regression @e2e " classname="API/users.test.spec.ts" time="0.313">
</testcase>
<testcase name="User API › should return list of users for page 2 @regression @e2e " classname="API/users.test.spec.ts" time="0.088">
</testcase>
<testcase name="User API › should return details of a specific user by ID @smoke @regression @e2e " classname="API/users.test.spec.ts" time="0.084">
</testcase>
<testcase name="User API › should return 404 for non-existing user @regression @e2e " classname="API/users.test.spec.ts" time="0.198">
</testcase>
<testcase name="User API › should update user details successfully @smoke @regression @e2e " classname="API/users.test.spec.ts" time="0.26">
</testcase>
<testcase name="User API › should delete user and return 204 status @smoke @regression @e2e " classname="API/users.test.spec.ts" time="0.201">
</testcase>
</testsuite>
</testsuites>